2024-02-05 14:36:41 Error: cannot delete file D:\Università\Terzo Anno\65704 - SVILUPPO DI APPLICAZIONI WEB\final_project\src\user/../assets/images/profile/1707041047.jpg
2024-02-08 09:25:07 Error: You have an error in your SQL syntax; check the manual that corresponds to your MariaDB server version for the right syntax to use near '%?%' at line 1 (1064)
2024-02-17 14:43:21 Error: No data supplied for parameters in prepared statement (2031)
2024-02-17 14:43:26 Error: No data supplied for parameters in prepared statement (2031)
2024-02-17 14:44:17 Error: No data supplied for parameters in prepared statement (2031)
2024-02-17 14:44:44 Error: No data supplied for parameters in prepared statement (2031)
2024-02-17 16:36:57 Error: Duplicate entry 'andreachicco2002.ac@gmail.com' for key 'email' (1062)
2024-02-17 16:38:24 Error: Duplicate entry 'andreachicco2002.ac@gmail.com' for key 'email' (1062)
2024-02-17 16:40:35 Error: Duplicate entry 'andreachicco2002.ac@gmail.com' for key 'email' (1062)
2024-02-17 17:07:06 Error: Duplicate entry 'andreachicco2002.ac@gmail.com' for key 'email' (1062)
2024-02-18 10:36:03 Error: Duplicate entry 'andreachicco2002@gmail.com' for key 'email' (1062)
2024-02-18 14:24:34 Error: You have an error in your SQL syntax; check the manual that corresponds to your MariaDB server version for the right syntax to use near 'JOIN user ON user.id = video.user_id' at line 1 (1064)
2024-02-18 14:24:55 Error: You have an error in your SQL syntax; check the manual that corresponds to your MariaDB server version for the right syntax to use near 'JOIN user ON user.id = video.user_id' at line 1 (1064)
2024-02-18 14:25:38 Error: Column 'id' in where clause is ambiguous (1052)
2024-02-18 14:25:41 Error: Column 'id' in where clause is ambiguous (1052)
2024-02-18 14:34:26 Error: Unknown column 'sv.id' in 'where clause' (1054)
2024-02-18 14:34:31 Error: Unknown column 'sv.id' in 'where clause' (1054)
2024-02-18 16:05:08 Error: Duplicate entry 'andreachicco2002@gmail.com' for key 'email' (1062)
2024-02-18 16:50:48 Error: Error: cannot update image with name 1708263869.jpg (0)
2024-02-18 16:50:51 Error: Error: cannot update image with name 1708263869.jpg (0)
2024-02-18 16:51:03 Error: Error: cannot update image with name 1708263869.jpg (0)
2024-02-18 16:53:40 Error: Error: cannot update image with name 1708263869.jpg (0)
2024-02-18 16:53:43 Error: Error: cannot update image with name 1708263869.jpg (0)
2024-02-18 17:08:33 Error: Duplicate entry 'andreachicco2002.ac@gmail.com' for key 'email' (1062)
2024-02-19 14:17:16 Error: Unknown column 'v.video_id' in 'where clause' (1054)
2024-02-19 14:17:39 Error: Unknown column 'v.video_id' in 'where clause' (1054)
2024-02-20 09:23:59 Error: Unknown column 'text' in 'field list' (1054)
2024-02-20 16:46:20 Error: Duplicate entry 't@t.t' for key 'email' (1062)
2024-02-21 10:03:10 Error: cannot delete file D:\Università\Terzo Anno\65704 - SVILUPPO DI APPLICAZIONI WEB\final_project\src\user/../assets/images/profile/1708509711.jpg
2024-02-21 10:03:55 Error: cannot delete file D:\Università\Terzo Anno\65704 - SVILUPPO DI APPLICAZIONI WEB\final_project\src\user/../assets/images/profile/1708509711.jpg
2024-02-21 10:06:30 Error:  (0)
2024-02-22 08:50:00 Error:  (0)
2024-02-22 09:03:17 Error:  (0)
2024-02-22 09:04:57 Error:  (0)
2024-02-22 09:05:32 Error:  (0)
